<?xml version="1.0" encoding="UTF-8"?>
<testsuite xmlns:xsi="http://www.w3.org/2001/XMLSchema-instance" xsi:noNamespaceSchemaLocation="https://maven.apache.org/surefire/maven-surefire-plugin/xsd/surefire-test-report.xsd" name="customer.ChangeLicensesTeamApiTests" time="4.574" tests="16" errors="0" skipped="0" failures="5">
  <properties>
[...]
</properties>
  <testcase name="testLicenseIdArrayIsEmpty200" classname="customer.ChangeLicensesTeamApiTests" time="0.817"/>
  <testcase name="testSeveralLicensesFromOneTeam200" classname="customer.ChangeLicensesTeamApiTests" time="0.565"/>
  <testcase name="testChangeMyTeamLicenseAsTeamAdmin403" classname="customer.ChangeLicensesTeamApiTests" time="0.019"/>
  <testcase name="testChangeForeignLicenseTeamAsTeamAdmin403" classname="customer.ChangeLicensesTeamApiTests" time="0.077"/>
  <testcase name="testChangeMyTeamLicenseAsViewer403" classname="customer.ChangeLicensesTeamApiTests" time="0.189"/>
  <testcase name="testOneLicenseIdWithoutAssignee200" classname="customer.ChangeLicensesTeamApiTests" time="0.427"/>
  <testcase name="testWrongToken400" classname="customer.ChangeLicensesTeamApiTests" time="0.465">
    <failure message="&#10;Multiple Failures (1 failure)&#10;-- failure 1 --&#10;expected: 400&#10; but was: 401&#10;at ChangeLicensesTeamApiTests.testWrongToken400(ChangeLicensesTeamApiTests.java:215)" type="org.assertj.core.error.AssertJMultipleFailuresError">org.assertj.core.error.AssertJMultipleFailuresError: 

Multiple Failures (1 failure)
-- failure 1 --
expected: 400
 but was: 401
at ChangeLicensesTeamApiTests.testWrongToken400(ChangeLicensesTeamApiTests.java:215)
</failure>
    <system-err><![CDATA[[INFO] CustomerHelper - 25: CQIWC4X6HB belongs to 2219498
[INFO] CustomerHelper - class LicenseResponse {
    licenseId: CQIWC4X6HB
    product: class ProductResponse {
        code: WS
        name: WebStorm
    }
    assignee: null
    subscription: class SubscriptionResponse {
        validUntilDate: 2023-01-14T00:00+03:00
        subscriptionPackRef: 1222/MMM56MR
        isAutomaticallyRenewed: false
        isOutdated: false
    }
    perpetual: null
    domain: null
    lastSeen: null
    team: class TeamResponse {
        id: 2219498
        name: TestTeam
    }
    isTransferableBetweenTeams: true
    isTrial: false
    isAvailableToAssign: true
    isSuspended: false
}
[INFO] PreconditionsChangeTeam - 33: [6X41NVWJ0E, PZ5RBM8QZA] to the team: 2219498
[INFO] ChangeLicensesTeam - 33: changeTeamRequest 
class ChangeTeamRequest {
    targetTeamId: 2219498
    licenseIds: [6X41NVWJ0E, PZ5RBM8QZA]
}
[INFO] LicenseSupplierForAssignLicenseCall - 24:APT5835PAX were chosen to transfer from team: 2219498
[INFO] BlockedLicenseIdsBase - License APT5835PAX was blocked
[INFO] LicenseSupplierForAssignLicenseCall - 24:9SQNHJQ8GN were chosen to transfer from team: 2219498
[INFO] BlockedLicenseIdsBase - License 9SQNHJQ8GN was blocked
[INFO] ChangeLicensesTeam - 200
[INFO] ChangeLicensesTeam - {access-control-allow-origin=[*], content-type=[application/json;charset=UTF-8], date=[Sun, 08 Jan 2023 20:38:27 GMT], server=[nginx], strict-transport-security=[max-age=31536000; includeSubdomains;], x-content-type-options=[nosniff], x-frame-options=[SAMEORIGIN], x-xss-protection=[1; mode=block;]}
[INFO] ChangeLicensesTeam - null
[INFO] PreconditionsChangeTeam - 24: [APT5835PAX, 9SQNHJQ8GN] to the team: 2264008
[INFO] ChangeLicensesTeam - 24: changeTeamRequest 
class ChangeTeamRequest {
    targetTeamId: 2264008
    licenseIds: [RIQIET9999, 9SQNHJQ8GN]
}
[INFO] CustomerHelper - 25: FXEHBS168L belongs to 2219498
[INFO] CustomerHelper - class LicenseResponse {
    licenseId: FXEHBS168L
    product: class ProductResponse {
        code: WS
        name: WebStorm
    }
    assignee: null
    subscription: class SubscriptionResponse {
        validUntilDate: 2023-01-14T00:00+03:00
        subscriptionPackRef: 1222/MMM56MR
        isAutomaticallyRenewed: false
        isOutdated: false
    }
    perpetual: null
    domain: null
    lastSeen: null
    team: class TeamResponse {
        id: 2219498
        name: TestTeam
    }
    isTransferableBetweenTeams: true
    isTrial: false
    isAvailableToAssign: true
    isSuspended: false
}
[INFO] ChangeLicensesTeamApiTests - Message: 
HTTP response code: 401
HTTP response body: {"code":"INVALID_TOKEN","description":"The token provided is invalid"}
HTTP response headers: {access-control-allow-origin=[*], content-type=[application/json;charset=UTF-8], date=[Sun, 08 Jan 2023 20:38:27 GMT], server=[nginx]}
[INFO] LicenseSupplierForAssignLicenseCall - 20:I2IJWYS9IS were chosen to transfer from team: 2264008
[INFO] BlockedLicenseIdsBase - License I2IJWYS9IS was blocked
[INFO] ChangeLicensesTeam - 200
[INFO] ChangeLicensesTeam - {access-control-allow-origin=[*], content-type=[application/json;charset=UTF-8], date=[Sun, 08 Jan 2023 20:38:27 GMT], server=[nginx], strict-transport-security=[max-age=31536000; includeSubdomains;], x-content-type-options=[nosniff], x-frame-options=[SAMEORIGIN], x-xss-protection=[1; mode=block;]}
[INFO] ChangeLicensesTeam - null
[INFO] CustomerHelper - 33: 6X41NVWJ0E belongs to 2219498
[INFO] CustomerHelper - class LicenseResponse {
    licenseId: 6X41NVWJ0E
    product: class ProductResponse {
        code: WS
        name: WebStorm
    }
    assignee: null
    subscription: class SubscriptionResponse {
        validUntilDate: 2023-01-14T00:00+03:00
        subscriptionPackRef: 1222/MMM56MR
        isAutomaticallyRenewed: false
        isOutdated: false
    }
    perpetual: null
    domain: null
    lastSeen: null
    team: class TeamResponse {
        id: 2219498
        name: TestTeam
    }
    isTransferableBetweenTeams: true
    isTrial: false
    isAvailableToAssign: true
    isSuspended: false
}
[INFO] PreconditionsChangeTeam - 20: [I2IJWYS9IS] to the team: 2220010
[INFO] CustomerHelper - 25: 9Z6DVR749C belongs to 2219498
[INFO] CustomerHelper - class LicenseResponse {
    licenseId: 9Z6DVR749C
    product: class ProductResponse {
        code: WS
        name: WebStorm
    }
    assignee: null
    subscription: class SubscriptionResponse {
        validUntilDate: 2023-01-14T00:00+03:00
        subscriptionPackRef: 1222/MMM56MR
        isAutomaticallyRenewed: false
        isOutdated: false
    }
    perpetual: null
    domain: null
    lastSeen: null
    team: class TeamResponse {
        id: 2219498
        name: TestTeam
    }
    isTransferableBetweenTeams: true
    isTrial: false
    isAvailableToAssign: true
    isSuspended: false
}
[INFO] ChangeLicensesTeam - 20: changeTeamRequest 
class ChangeTeamRequest {
    targetTeamId: 9999999
    licenseIds: [I2IJWYS9IS]
}
[INFO] CustomerHelper - 21: 321LX0RHB5 belongs to 2220010
[INFO] CustomerHelper - class LicenseResponse {
    licenseId: 321LX0RHB5
    product: class ProductResponse {
        code: WS
        name: WebStorm
    }
    assignee: null
    subscription: class SubscriptionResponse {
        validUntilDate: 2023-01-14T00:00+03:00
        subscriptionPackRef: 1222/MMM56MR
        isAutomaticallyRenewed: false
        isOutdated: false
    }
    perpetual: null
    domain: null
    lastSeen: null
    team: class TeamResponse {
        id: 2220010
        name: Team001
    }
    isTransferableBetweenTeams: true
    isTrial: false
    isAvailableToAssign: true
    isSuspended: false
}
[INFO] BlockedLicenseIdsBase - License [321LX0RHB5] is free now
]]></system-err>
  </testcase>
  <testcase name="testLicenseIdValueNotExists200" classname="customer.ChangeLicensesTeamApiTests" time="0.039"/>
  <testcase name="testSeveralLicensesFromDifferentTeams200" classname="customer.ChangeLicensesTeamApiTests" time="0.044"/>
  <testcase name="testTargetTeamNotExists400" classname="customer.ChangeLicensesTeamApiTests" time="0.047">
    <failure message="&#10;Multiple Failures (1 failure)&#10;-- failure 1 --&#10;expected: 400&#10; but was: 404&#10;at ChangeLicensesTeamApiTests.testTargetTeamNotExists400(ChangeLicensesTeamApiTests.java:107)" type="org.assertj.core.error.AssertJMultipleFailuresError">org.assertj.core.error.AssertJMultipleFailuresError: 

Multiple Failures (1 failure)
-- failure 1 --
expected: 400
 but was: 404
at ChangeLicensesTeamApiTests.testTargetTeamNotExists400(ChangeLicensesTeamApiTests.java:107)
</failure>
    <system-err><![CDATA[[ERROR] ChangeLicensesTeam - Message: 
HTTP response code: 404
HTTP response body: {"code":"TEAM_NOT_FOUND","description":"9999999"}
HTTP response headers: {access-control-allow-origin=[*], content-type=[application/json;charset=UTF-8], date=[Sun, 08 Jan 2023 20:38:27 GMT], server=[nginx]}
[INFO] BlockedLicenseIdsBase - License [I2IJWYS9IS] is free now
]]></system-err>
  </testcase>
  <testcase name="testTargetTeamIsNull400" classname="customer.ChangeLicensesTeamApiTests" time="0.255">
    <failure message="&#10;Multiple Failures (1 failure)&#10;-- failure 1 --&#10;expected: 400&#10; but was: 404&#10;at ChangeLicensesTeamApiTests.testTargetTeamIsNull400(ChangeLicensesTeamApiTests.java:120)" type="org.assertj.core.error.AssertJMultipleFailuresError">org.assertj.core.error.AssertJMultipleFailuresError: 

Multiple Failures (1 failure)
-- failure 1 --
expected: 400
 but was: 404
at ChangeLicensesTeamApiTests.testTargetTeamIsNull400(ChangeLicensesTeamApiTests.java:120)
</failure>
    <system-err><![CDATA[[INFO] CustomerHelper - 25: OTN0X7CSQ0 belongs to 2219498
[INFO] CustomerHelper - class LicenseResponse {
    licenseId: OTN0X7CSQ0
    product: class ProductResponse {
        code: WS
        name: WebStorm
    }
    assignee: null
    subscription: class SubscriptionResponse {
        validUntilDate: 2023-01-14T00:00+03:00
        subscriptionPackRef: 1222/MMM56MR
        isAutomaticallyRenewed: false
        isOutdated: false
    }
    perpetual: null
    domain: null
    lastSeen: null
    team: class TeamResponse {
        id: 2219498
        name: TestTeam
    }
    isTransferableBetweenTeams: true
    isTrial: false
    isAvailableToAssign: true
    isSuspended: false
}
[INFO] PreconditionsChangeTeam - 19: [0RNZ1QPXVH] to the team: 2249419
[INFO] ChangeLicensesTeam - 19: changeTeamRequest 
class ChangeTeamRequest {
    targetTeamId: null
    licenseIds: [0RNZ1QPXVH]
}
[INFO] CustomerHelper - 25: GIAJCN39XN belongs to 2219498
[INFO] CustomerHelper - class LicenseResponse {
    licenseId: GIAJCN39XN
    product: class ProductResponse {
        code: WS
        name: WebStorm
    }
    assignee: null
    subscription: class SubscriptionResponse {
        validUntilDate: 2023-01-14T00:00+03:00
        subscriptionPackRef: 1222/MMM56MR
        isAutomaticallyRenewed: false
        isOutdated: false
    }
    perpetual: null
    domain: null
    lastSeen: null
    team: class TeamResponse {
        id: 2219498
        name: TestTeam
    }
    isTransferableBetweenTeams: true
    isTrial: false
    isAvailableToAssign: true
    isSuspended: false
}
[ERROR] ChangeLicensesTeam - Message: 
HTTP response code: 404
HTTP response body: {"code":"TEAM_NOT_FOUND","description":"0"}
HTTP response headers: {access-control-allow-origin=[*], content-type=[application/json;charset=UTF-8], date=[Sun, 08 Jan 2023 20:38:27 GMT], server=[nginx]}
[INFO] BlockedLicenseIdsBase - License [0RNZ1QPXVH] is free now
]]></system-err>
  </testcase>
  <testcase name="testOneLicenseIdWithAssignee200" classname="customer.ChangeLicensesTeamApiTests" time="0.452"/>
  <testcase name="testXCustomerCodeNotExists400" classname="customer.ChangeLicensesTeamApiTests" time="0.668">
    <failure message="&#10;Multiple Failures (2 failures)&#10;-- failure 1 --&#10;expected: 400&#10; but was: 401&#10;at ChangeLicensesTeamApiTests.testXCustomerCodeNotExists400(ChangeLicensesTeamApiTests.java:133)&#10;-- failure 2 --&#10;Expecting actual:&#10;  &quot;{&quot;code&quot;:&quot;INVALID_TOKEN&quot;,&quot;description&quot;:&quot;The token provided is invalid&quot;}&quot;&#10;to contain:&#10;  &quot;Customer&quot; &#10;at ChangeLicensesTeamApiTests.testXCustomerCodeNotExists400(ChangeLicensesTeamApiTests.java:134)" type="org.assertj.core.error.AssertJMultipleFailuresError">org.assertj.core.error.AssertJMultipleFailuresError: 

Multiple Failures (2 failures)
-- failure 1 --
expected: 400
 but was: 401
at ChangeLicensesTeamApiTests.testXCustomerCodeNotExists400(ChangeLicensesTeamApiTests.java:133)
-- failure 2 --
Expecting actual:
  "{"code":"INVALID_TOKEN","description":"The token provided is invalid"}"
to contain:
  "Customer" 
at ChangeLicensesTeamApiTests.testXCustomerCodeNotExists400(ChangeLicensesTeamApiTests.java:134)
</failure>
    <system-err><![CDATA[[INFO] PreconditionsChangeTeam - 24: [321LX0RHB5] to the team: 2219498
[INFO] ChangeLicensesTeam - 24: changeTeamRequest 
class ChangeTeamRequest {
    targetTeamId: 2219498
    licenseIds: [321LX0RHB5]
}
[INFO] CustomerHelper - 25: HWXVX61A5L belongs to 2219498
[INFO] CustomerHelper - class LicenseResponse {
    licenseId: HWXVX61A5L
    product: class ProductResponse {
        code: WS
        name: WebStorm
    }
    assignee: null
    subscription: class SubscriptionResponse {
        validUntilDate: 2023-01-14T00:00+03:00
        subscriptionPackRef: 1222/MMM56MR
        isAutomaticallyRenewed: false
        isOutdated: false
    }
    perpetual: null
    domain: null
    lastSeen: null
    team: class TeamResponse {
        id: 2219498
        name: TestTeam
    }
    isTransferableBetweenTeams: true
    isTrial: false
    isAvailableToAssign: true
    isSuspended: false
}
[ERROR] ChangeLicensesTeam - Message: 
HTTP response code: 401
HTTP response body: {"code":"INVALID_TOKEN","description":"The token provided is invalid"}
HTTP response headers: {access-control-allow-origin=[*], content-type=[application/json;charset=UTF-8], date=[Sun, 08 Jan 2023 20:38:28 GMT], server=[nginx]}
[INFO] LicenseSupplierForAssignLicenseCall - 21:9SQNHJQ8GN were chosen to transfer from team: 2264008
[INFO] BlockedLicenseIdsBase - License 9SQNHJQ8GN was blocked
[INFO] LicenseSupplierForAssignLicenseCall - 21:PZ5RBM8QZA were chosen to transfer from team: 2219498
[INFO] BlockedLicenseIdsBase - License PZ5RBM8QZA was blocked
[INFO] ChangeLicensesTeam - 21: changeTeamRequest 
class ChangeTeamRequest {
    targetTeamId: 2264008
    licenseIds: [9SQNHJQ8GN, PZ5RBM8QZA]
}
[INFO] BlockedLicenseIdsBase - License [321LX0RHB5] is free now
]]></system-err>
  </testcase>
  <testcase name="testMaxNumberLicensesTeams200" classname="customer.ChangeLicensesTeamApiTests" time="0.901"/>
  <testcase name="testLicenseIdAlreadyBelongsToTheTeam200" classname="customer.ChangeLicensesTeamApiTests" time="1.225"/>
  <testcase name="testLicenseIdIsNull400" classname="customer.ChangeLicensesTeamApiTests" time="1.427">
    <failure message="&#10;Multiple Failures (1 failure)&#10;-- failure 1 --&#10;expected: 400&#10; but was: 500&#10;at ChangeLicensesTeamApiTests.testLicenseIdIsNull400(ChangeLicensesTeamApiTests.java:178)" type="org.assertj.core.error.AssertJMultipleFailuresError">org.assertj.core.error.AssertJMultipleFailuresError: 

Multiple Failures (1 failure)
-- failure 1 --
expected: 400
 but was: 500
at ChangeLicensesTeamApiTests.testLicenseIdIsNull400(ChangeLicensesTeamApiTests.java:178)
</failure>
    <system-err><![CDATA[[ERROR] ChangeLicensesTeam - Message: 
HTTP response code: 500
HTTP response body: 
HTTP response headers: {access-control-allow-origin=[*], content-length=[0], content-type=[application/json;charset=UTF-8], date=[Sun, 08 Jan 2023 20:38:28 GMT], server=[nginx]}
[INFO] CustomerHelper - 23: APT5835PAX belongs to 2219498
[INFO] CustomerHelper - class LicenseResponse {
    licenseId: APT5835PAX
    product: class ProductResponse {
        code: WS
        name: WebStorm
    }
    assignee: null
    subscription: class SubscriptionResponse {
        validUntilDate: 2023-01-14T00:00+03:00
        subscriptionPackRef: 1222/MMM56MR
        isAutomaticallyRenewed: false
        isOutdated: false
    }
    perpetual: null
    domain: null
    lastSeen: null
    team: class TeamResponse {
        id: 2219498
        name: TestTeam
    }
    isTransferableBetweenTeams: true
    isTrial: false
    isAvailableToAssign: true
    isSuspended: false
}
[INFO] BlockedLicenseIdsBase - License [QMJPOMFJXC, APT5835PAX] is free now
]]></system-err>
  </testcase>
</testsuite>