<?xml version="1.0" encoding="UTF-8"?>
<testsuite xmlns:xsi="http://www.w3.org/2001/XMLSchema-instance" xsi:noNamespaceSchemaLocation="https://maven.apache.org/surefire/maven-surefire-plugin/xsd/surefire-test-report.xsd" name="customer.AssignLicensesApiTests" time="22.363" tests="16" errors="0" skipped="0" failures="6">
  <properties>
[...]
</properties>
  <testcase name="testEmptyEmail400" classname="customer.AssignLicensesApiTests" time="0.515"/>
  <testcase name="testNotExistingTeamNoLicenseId400" classname="customer.AssignLicensesApiTests" time="0.088">
    <failure message="&#10;Multiple Failures (2 failures)&#10;-- failure 1 --&#10;expected: 400&#10; but was: 404&#10;at AssignLicensesApiTests.testNotExistingTeamNoLicenseId400(AssignLicensesApiTests.java:146)&#10;-- failure 2 --&#10;expected: &#10;  class LicenseResponse {&#10;      licenseId: AYUP1280JG&#10;      product: class ProductResponse {&#10;          code: WS&#10;          name: WebStorm&#10;      }&#10;      assignee: null&#10;      subscription: class SubscriptionResponse {&#10;          validUntilDate: 2023-01-14T00:00+03:00&#10;          subscriptionPackRef: 1222/MMM56MR&#10;          isAutomaticallyRenewed: false&#10;          isOutdated: false&#10;      }&#10;      perpetual: null&#10;      domain: null&#10;      lastSeen: null&#10;      team: class TeamResponse {&#10;          id: 9999999&#10;          name: Team TESTAUTOMATION&#10;      }&#10;      isTransferableBetweenTeams: true&#10;      isTrial: false&#10;      isAvailableToAssign: true&#10;      isSuspended: false&#10;  }&#10; but was: &#10;  class LicenseResponse {&#10;      licenseId: AYUP1280JG&#10;      product: class ProductResponse {&#10;          code: WS&#10;          name: WebStorm&#10;      }&#10;      assignee: null&#10;      subscription: class SubscriptionResponse {&#10;          validUntilDate: 2023-01-14T00:00+03:00&#10;          subscriptionPackRef: 1222/MMM56MR&#10;          isAutomaticallyRenewed: false&#10;          isOutdated: false&#10;      }&#10;      perpetual: null&#10;      domain: null&#10;      lastSeen: null&#10;      team: class TeamResponse {&#10;          id: 1817040&#10;          name: Team TESTAUTOMATION&#10;      }&#10;      isTransferableBetweenTeams: true&#10;      isTrial: false&#10;      isAvailableToAssign: true&#10;      isSuspended: false&#10;  }&#10;at AssignLicensesApiTests.testNotExistingTeamNoLicenseId400(AssignLicensesApiTests.java:149)" type="org.assertj.core.error.AssertJMultipleFailuresError">org.assertj.core.error.AssertJMultipleFailuresError: 

Multiple Failures (2 failures)
-- failure 1 --
expected: 400
 but was: 404
at AssignLicensesApiTests.testNotExistingTeamNoLicenseId400(AssignLicensesApiTests.java:146)
-- failure 2 --
expected: 
  class LicenseResponse {
      licenseId: AYUP1280JG
      product: class ProductResponse {
          code: WS
          name: WebStorm
      }
      assignee: null
      subscription: class SubscriptionResponse {
          validUntilDate: 2023-01-14T00:00+03:00
          subscriptionPackRef: 1222/MMM56MR
          isAutomaticallyRenewed: false
          isOutdated: false
      }
      perpetual: null
      domain: null
      lastSeen: null
      team: class TeamResponse {
          id: 9999999
          name: Team TESTAUTOMATION
      }
      isTransferableBetweenTeams: true
      isTrial: false
      isAvailableToAssign: true
      isSuspended: false
  }
 but was: 
  class LicenseResponse {
      licenseId: AYUP1280JG
      product: class ProductResponse {
          code: WS
          name: WebStorm
      }
      assignee: null
      subscription: class SubscriptionResponse {
          validUntilDate: 2023-01-14T00:00+03:00
          subscriptionPackRef: 1222/MMM56MR
          isAutomaticallyRenewed: false
          isOutdated: false
      }
      perpetual: null
      domain: null
      lastSeen: null
      team: class TeamResponse {
          id: 1817040
          name: Team TESTAUTOMATION
      }
      isTransferableBetweenTeams: true
      isTrial: false
      isAvailableToAssign: true
      isSuspended: false
  }
at AssignLicensesApiTests.testNotExistingTeamNoLicenseId400(AssignLicensesApiTests.java:149)
</failure>
    <system-err><![CDATA[[INFO] LicenseSupplierForAssignLicenseCall - My team is: 1817040
[INFO] CustomerHelper - 25: AYUP1280JG belongs to 1817040
[INFO] CustomerHelper - class LicenseResponse {
    licenseId: AYUP1280JG
    product: class ProductResponse {
        code: WS
        name: WebStorm
    }
    assignee: null
    subscription: class SubscriptionResponse {
        validUntilDate: 2023-01-14T00:00+03:00
        subscriptionPackRef: 1222/MMM56MR
        isAutomaticallyRenewed: false
        isOutdated: false
    }
    perpetual: null
    domain: null
    lastSeen: null
    team: class TeamResponse {
        id: 1817040
        name: Team TESTAUTOMATION
    }
    isTransferableBetweenTeams: true
    isTrial: false
    isAvailableToAssign: true
    isSuspended: false
}
[INFO] BlockedLicenseIdsBase - License [AYUP1280JG] is free now
]]></system-err>
  </testcase>
  <testcase name="testEmptyLastname400" classname="customer.AssignLicensesApiTests" time="0.318"/>
  <testcase name="testEitherLicenseIdOrLicenseMustBeProvided400" classname="customer.AssignLicensesApiTests" time="0.087"/>
  <testcase name="testNoLicenseId200" classname="customer.AssignLicensesApiTests" time="0.165"/>
  <testcase name="testEmptyFirstname400" classname="customer.AssignLicensesApiTests" time="0.407"/>
  <testcase name="testAssignLicenseFromAnotherTeam403" classname="customer.AssignLicensesApiTests" time="0.635"/>
  <testcase name="testWrongToken400" classname="customer.AssignLicensesApiTests" time="0">
    <failure message="&#10;Multiple Failures (1 failure)&#10;-- failure 1 --&#10;expected: 400&#10; but was: 401&#10;at AssignLicensesApiTests.testWrongToken400(AssignLicensesApiTests.java:33)" type="org.assertj.core.error.AssertJMultipleFailuresError">org.assertj.core.error.AssertJMultipleFailuresError: 

Multiple Failures (1 failure)
-- failure 1 --
expected: 400
 but was: 401
at AssignLicensesApiTests.testWrongToken400(AssignLicensesApiTests.java:33)
</failure>
    <system-err><![CDATA[[INFO] BlockedLicenseIdsBase - License [W7SASMX33D] is free now
[INFO] LicenseSupplierForAssignLicenseCall - My team is: 1817040
]]></system-err>
  </testcase>
  <testcase name="testXCustomerNotExists400" classname="customer.AssignLicensesApiTests" time="0">
    <failure message="&#10;Multiple Failures (1 failure)&#10;-- failure 1 --&#10;expected: 400&#10; but was: 401&#10;at AssignLicensesApiTests.testXCustomerNotExists400(AssignLicensesApiTests.java:46)" type="org.assertj.core.error.AssertJMultipleFailuresError">org.assertj.core.error.AssertJMultipleFailuresError: 

Multiple Failures (1 failure)
-- failure 1 --
expected: 400
 but was: 401
at AssignLicensesApiTests.testXCustomerNotExists400(AssignLicensesApiTests.java:46)
</failure>
  </testcase>
  <testcase name="testWrongEmailFormat400" classname="customer.AssignLicensesApiTests" time="0.218"/>
  <testcase name="testLicenseIdValueNotExistsNoLicense400" classname="customer.AssignLicensesApiTests" time="0.273">
    <failure message="&#10;Multiple Failures (1 failure)&#10;-- failure 1 --&#10;expected: 400&#10; but was: 404&#10;at AssignLicensesApiTests.testLicenseIdValueNotExistsNoLicense400(AssignLicensesApiTests.java:60)" type="org.assertj.core.error.AssertJMultipleFailuresError">org.assertj.core.error.AssertJMultipleFailuresError: 

Multiple Failures (1 failure)
-- failure 1 --
expected: 400
 but was: 404
at AssignLicensesApiTests.testLicenseIdValueNotExistsNoLicense400(AssignLicensesApiTests.java:60)
</failure>
    <system-err><![CDATA[[ERROR] AssignLicenseCall - Message: 
HTTP response code: 404
HTTP response body: {"code":"LICENSE_NOT_FOUND","description":"RIQIET9999"}
HTTP response headers: {access-control-allow-origin=[*], content-type=[application/json;charset=UTF-8], date=[Sun, 08 Jan 2023 20:38:45 GMT], server=[nginx]}
[INFO] BlockedLicenseIdsBase - License [AYUP1280JG] is free now
]]></system-err>
  </testcase>
  <testcase name="testAssignLicenseAsViewer403" classname="customer.AssignLicensesApiTests" time="0.561">
    <failure message="ApiException was expected: Viewer and Primary contact access tokens allow read-only access to the API: https://sales.jetbrains.com/hc/en-gb/articles/4406854152978-JetBrains-Account-API ==&gt; Expected org.openapitools.client.ApiException to be thrown, but nothing was thrown." type="org.opentest4j.AssertionFailedError">org.opentest4j.AssertionFailedError: ApiException was expected: Viewer and Primary contact access tokens allow read-only access to the API: https://sales.jetbrains.com/hc/en-gb/articles/4406854152978-JetBrains-Account-API ==> Expected org.openapitools.client.ApiException to be thrown, but nothing was thrown.
	at customer.AssignLicensesApiTests.testAssignLicenseAsViewer403(AssignLicensesApiTests.java:192)
</failure>
    <system-err><![CDATA[[INFO] LicenseSupplierForAssignLicenseCall - 25:OIY94JBDUQ from the team: 1817040 were chosen to be assigned
[INFO] BlockedLicenseIdsBase - License OIY94JBDUQ was blocked
[INFO] AssignLicenseCall - class AssignLicenseRequest {
    licenseId: null
    license: class AssignFromTeamRequest {
        team: 1817040
        productCode: 0000000
    }
    contact: class AssigneeContactRequest {
        firstName: firstname
        lastName: lastName
        email: email@gmail.com
    }
    sendEmail: false
    includeOfflineActivationCode: false
}
[INFO] LicenseSupplierForAssignLicenseCall - 20:AYUP1280JG from the team: 1817040 were chosen to be assigned
[INFO] BlockedLicenseIdsBase - License AYUP1280JG was blocked
[INFO] AssignLicenseCall - class AssignLicenseRequest {
    licenseId: null
    license: class AssignFromTeamRequest {
        team: 1817040
        productCode: WS
    }
    contact: class AssigneeContactRequest {
        firstName: firstname
        lastName: lastName
        email: email@gmail.com
    }
    sendEmail: false
    includeOfflineActivationCode: false
}
[ERROR] AssignLicenseCall - Message: 
HTTP response code: 404
HTTP response body: {"code":"PRODUCT_NOT_FOUND","description":"0000000"}
HTTP response headers: {access-control-allow-origin=[*], content-type=[application/json;charset=UTF-8], date=[Sun, 08 Jan 2023 20:38:45 GMT], server=[nginx]}
[INFO] AssignLicenseCall - 200
[INFO] AssignLicenseCall - null
[INFO] AssignLicenseCall - {access-control-allow-origin=[*], content-length=[0], content-type=[application/json;charset=UTF-8], date=[Sun, 08 Jan 2023 20:38:45 GMT], server=[nginx], strict-transport-security=[max-age=31536000; includeSubdomains;], x-content-type-options=[nosniff], x-frame-options=[SAMEORIGIN], x-xss-protection=[1; mode=block;]}
[INFO] BlockedLicenseIdsBase - License [AYUP1280JG] is free now
]]></system-err>
  </testcase>
  <testcase name="testNotExistingProductCodeNoLicenseId400" classname="customer.AssignLicensesApiTests" time="0.783">
    <failure message="&#10;Multiple Failures (2 failures)&#10;-- failure 1 --&#10;expected: 400&#10; but was: 404&#10;at AssignLicensesApiTests.testNotExistingProductCodeNoLicenseId400(AssignLicensesApiTests.java:131)&#10;-- failure 2 --&#10;expected: &#10;  class LicenseResponse {&#10;      licenseId: OIY94JBDUQ&#10;      product: class ProductResponse {&#10;          code: 0000000&#10;          name: WebStorm&#10;      }&#10;      assignee: null&#10;      subscription: class SubscriptionResponse {&#10;          validUntilDate: 2023-01-14T00:00+03:00&#10;          subscriptionPackRef: 1222/MMM56MR&#10;          isAutomaticallyRenewed: false&#10;          isOutdated: false&#10;      }&#10;      perpetual: null&#10;      domain: null&#10;      lastSeen: null&#10;      team: class TeamResponse {&#10;          id: 1817040&#10;          name: Team TESTAUTOMATION&#10;      }&#10;      isTransferableBetweenTeams: true&#10;      isTrial: false&#10;      isAvailableToAssign: true&#10;      isSuspended: false&#10;  }&#10; but was: &#10;  class LicenseResponse {&#10;      licenseId: OIY94JBDUQ&#10;      product: class ProductResponse {&#10;          code: WS&#10;          name: WebStorm&#10;      }&#10;      assignee: class class org.openapitools.client.model.AssigneeResponse {&#10;          instance: class User {&#10;              type: USER&#10;              name: firstname lastName&#10;              email: email@gmail.com&#10;          }&#10;          isNullable: false&#10;          schemaType: anyOf&#10;      }&#10;      subscription: class SubscriptionResponse {&#10;          validUntilDate: 2023-01-14T00:00+03:00&#10;          subscriptionPackRef: 1222/MMM56MR&#10;          isAutomaticallyRenewed: false&#10;          isOutdated: false&#10;      }&#10;      perpetual: null&#10;      domain: null&#10;      lastSeen: class LastSeenResponse {&#10;          lastSeenDate: null&#10;          lastAssignmentDate: 2023-01-08T23:38:46+03:00&#10;          isOfflineCodeGenerated: false&#10;      }&#10;      team: class TeamResponse {&#10;          id: 1817040&#10;          name: Team TESTAUTOMATION&#10;      }&#10;      isTransferableBetweenTeams: true&#10;      isTrial: false&#10;      isAvailableToAssign: false&#10;      isSuspended: false&#10;  }&#10;at AssignLicensesApiTests.testNotExistingProductCodeNoLicenseId400(AssignLicensesApiTests.java:134)" type="org.assertj.core.error.AssertJMultipleFailuresError">org.assertj.core.error.AssertJMultipleFailuresError: 

Multiple Failures (2 failures)
-- failure 1 --
expected: 400
 but was: 404
at AssignLicensesApiTests.testNotExistingProductCodeNoLicenseId400(AssignLicensesApiTests.java:131)
-- failure 2 --
expected: 
  class LicenseResponse {
      licenseId: OIY94JBDUQ
      product: class ProductResponse {
          code: 0000000
          name: WebStorm
      }
      assignee: null
      subscription: class SubscriptionResponse {
          validUntilDate: 2023-01-14T00:00+03:00
          subscriptionPackRef: 1222/MMM56MR
          isAutomaticallyRenewed: false
          isOutdated: false
      }
      perpetual: null
      domain: null
      lastSeen: null
      team: class TeamResponse {
          id: 1817040
          name: Team TESTAUTOMATION
      }
      isTransferableBetweenTeams: true
      isTrial: false
      isAvailableToAssign: true
      isSuspended: false
  }
 but was: 
  class LicenseResponse {
      licenseId: OIY94JBDUQ
      product: class ProductResponse {
          code: WS
          name: WebStorm
      }
      assignee: class class org.openapitools.client.model.AssigneeResponse {
          instance: class User {
              type: USER
              name: firstname lastName
              email: email@gmail.com
          }
          isNullable: false
          schemaType: anyOf
      }
      subscription: class SubscriptionResponse {
          validUntilDate: 2023-01-14T00:00+03:00
          subscriptionPackRef: 1222/MMM56MR
          isAutomaticallyRenewed: false
          isOutdated: false
      }
      perpetual: null
      domain: null
      lastSeen: class LastSeenResponse {
          lastSeenDate: null
          lastAssignmentDate: 2023-01-08T23:38:46+03:00
          isOfflineCodeGenerated: false
      }
      team: class TeamResponse {
          id: 1817040
          name: Team TESTAUTOMATION
      }
      isTransferableBetweenTeams: true
      isTrial: false
      isAvailableToAssign: false
      isSuspended: false
  }
at AssignLicensesApiTests.testNotExistingProductCodeNoLicenseId400(AssignLicensesApiTests.java:134)
</failure>
    <system-err><![CDATA[[INFO] LicenseSupplierForAssignLicenseCall - 23:XSLL4HT5FG from the team: 1817040 were chosen to be assigned
[INFO] BlockedLicenseIdsBase - License XSLL4HT5FG was blocked
[INFO] AssignLicenseCall - class AssignLicenseRequest {
    licenseId: XSLL4HT5FG
    license: class AssignFromTeamRequest {
        team: 1817040
        productCode: WS
    }
    contact: class AssigneeContactRequest {
        firstName: firstname
        lastName: lastName
        email: email@gmail.com
    }
    sendEmail: false
    includeOfflineActivationCode: false
}
[INFO] CustomerHelper - 25: OIY94JBDUQ belongs to 1817040
[INFO] CustomerHelper - class LicenseResponse {
    licenseId: OIY94JBDUQ
    product: class ProductResponse {
        code: WS
        name: WebStorm
    }
    assignee: class class org.openapitools.client.model.AssigneeResponse {
        instance: class User {
            type: USER
            name: firstname lastName
            email: email@gmail.com
        }
        isNullable: false
        schemaType: anyOf
    }
    subscription: class SubscriptionResponse {
        validUntilDate: 2023-01-14T00:00+03:00
        subscriptionPackRef: 1222/MMM56MR
        isAutomaticallyRenewed: false
        isOutdated: false
    }
    perpetual: null
    domain: null
    lastSeen: class LastSeenResponse {
        lastSeenDate: null
        lastAssignmentDate: 2023-01-08T23:38:46+03:00
        isOfflineCodeGenerated: false
    }
    team: class TeamResponse {
        id: 1817040
        name: Team TESTAUTOMATION
    }
    isTransferableBetweenTeams: true
    isTrial: false
    isAvailableToAssign: false
    isSuspended: false
}
[INFO] BlockedLicenseIdsBase - License [OIY94JBDUQ] is free now
]]></system-err>
  </testcase>
  <testcase name="testLicencesAreNotOverwritten200" classname="customer.AssignLicensesApiTests" time="1.325"/>
  <testcase name="testNoLicense200" classname="customer.AssignLicensesApiTests" time="1.375"/>
  <testcase name="testNoAvailableLicenseToAssign400" classname="customer.AssignLicensesApiTests" time="1.62"/>
</testsuite>